[2023-03-01 23:42:58] INFO: Running tests using Chrome - 3 iteration(s)
[2023-03-01 23:42:58] INFO: Testing url https://www.playgame.wiki iteration 1
[2023-03-01 23:43:08] INFO: URL failed to load, trying 5 more time(s): Could not load https://www.playgame.wiki is the web page down?
[2023-03-01 23:43:09] INFO: URL failed to load, trying 4 more time(s): Could not load https://www.playgame.wiki is the web page down?
[2023-03-01 23:43:10] INFO: URL failed to load, trying 3 more time(s): Could not load https://www.playgame.wiki is the web page down?
[2023-03-01 23:43:11] INFO: URL failed to load, trying 2 more time(s): Could not load https://www.playgame.wiki is the web page down?
[2023-03-01 23:43:12] INFO: URL failed to load, trying 1 more time(s): Could not load https://www.playgame.wiki is the web page down?
[2023-03-01 23:43:13] INFO: URL failed to load, trying 0 more time(s): Could not load https://www.playgame.wiki is the web page down?
[2023-03-01 23:43:13] INFO: https://www.playgame.wiki 
[2023-03-01 23:43:14] INFO: Testing url https://www.playgame.wiki iteration 2
[2023-03-01 23:43:23] INFO: URL failed to load, trying 5 more time(s): Could not load https://www.playgame.wiki is the web page down?
[2023-03-01 23:43:24] INFO: URL failed to load, trying 4 more time(s): Could not load https://www.playgame.wiki is the web page down?
[2023-03-01 23:43:25] INFO: URL failed to load, trying 3 more time(s): Could not load https://www.playgame.wiki is the web page down?
[2023-03-01 23:43:26] INFO: URL failed to load, trying 2 more time(s): Could not load https://www.playgame.wiki is the web page down?
[2023-03-01 23:43:27] INFO: URL failed to load, trying 1 more time(s): Could not load https://www.playgame.wiki is the web page down?
[2023-03-01 23:43:28] INFO: URL failed to load, trying 0 more time(s): Could not load https://www.playgame.wiki is the web page down?
[2023-03-01 23:43:28] INFO: https://www.playgame.wiki 
[2023-03-01 23:43:29] INFO: Testing url https://www.playgame.wiki iteration 3
[2023-03-01 23:43:39] INFO: URL failed to load, trying 5 more time(s): Could not load https://www.playgame.wiki is the web page down?
[2023-03-01 23:43:40] INFO: URL failed to load, trying 4 more time(s): Could not load https://www.playgame.wiki is the web page down?
[2023-03-01 23:43:41] INFO: URL failed to load, trying 3 more time(s): Could not load https://www.playgame.wiki is the web page down?
[2023-03-01 23:43:42] INFO: URL failed to load, trying 2 more time(s): Could not load https://www.playgame.wiki is the web page down?
[2023-03-01 23:43:43] INFO: URL failed to load, trying 1 more time(s): Could not load https://www.playgame.wiki is the web page down?
[2023-03-01 23:43:44] INFO: URL failed to load, trying 0 more time(s): Could not load https://www.playgame.wiki is the web page down?
[2023-03-01 23:43:44] INFO: https://www.playgame.wiki 
[2023-03-01 23:43:45] INFO: Running tests using Firefox - 3 iteration(s)
[2023-03-01 23:43:48] INFO: Testing url https://www.playgame.wiki iteration 1
[2023-03-01 23:44:08] INFO: The page did not finished loading in 15000 ms. You can adjust the timeout by setting the --maxLoadTime option (in ms).
[2023-03-01 23:44:08] INFO: Waiting on har-export-trigger to collect the HAR
[2023-03-01 23:44:19] INFO: https://www.playgame.wiki 
[2023-03-01 23:44:22] INFO: Testing url https://www.playgame.wiki iteration 2
[2023-03-01 23:44:42] INFO: The page did not finished loading in 15000 ms. You can adjust the timeout by setting the --maxLoadTime option (in ms).
[2023-03-01 23:44:42] INFO: Waiting on har-export-trigger to collect the HAR
[2023-03-01 23:44:54] INFO: https://www.playgame.wiki 
[2023-03-01 23:44:57] INFO: Testing url https://www.playgame.wiki iteration 3
[2023-03-01 23:45:17] INFO: The page did not finished loading in 15000 ms. You can adjust the timeout by setting the --maxLoadTime option (in ms).
[2023-03-01 23:45:17] INFO: Waiting on har-export-trigger to collect the HAR
[2023-03-01 23:45:28] INFO: https://www.playgame.wiki 
[2023-03-01 23:45:28] INFO: https://www.playgame.wiki 
[2023-03-01 23:45:28] INFO: Wrote data to browsertime-results\www.playgame.wiki\2023-03-01T234345-0500
[2023-03-01 23:45:29] INFO: Running tests using Edge - 3 iteration(s)
[2023-03-01 23:45:29] INFO: Using Edge is experimental at the moment and use the same configuration as for Chrome
[2023-03-01 23:45:30] INFO: Testing url https://www.playgame.wiki iteration 1
[2023-03-01 23:45:39] INFO: URL failed to load, trying 5 more time(s): Could not load https://www.playgame.wiki is the web page down?
[2023-03-01 23:45:40] INFO: URL failed to load, trying 4 more time(s): Could not load https://www.playgame.wiki is the web page down?
[2023-03-01 23:45:41] INFO: URL failed to load, trying 3 more time(s): Could not load https://www.playgame.wiki is the web page down?
[2023-03-01 23:45:42] INFO: URL failed to load, trying 2 more time(s): Could not load https://www.playgame.wiki is the web page down?
[2023-03-01 23:45:43] INFO: URL failed to load, trying 1 more time(s): Could not load https://www.playgame.wiki is the web page down?
[2023-03-01 23:45:44] INFO: URL failed to load, trying 0 more time(s): Could not load https://www.playgame.wiki is the web page down?
[2023-03-01 23:45:44] INFO: https://www.playgame.wiki 
[2023-03-01 23:45:44] INFO: Using Edge is experimental at the moment and use the same configuration as for Chrome
[2023-03-01 23:45:45] INFO: Testing url https://www.playgame.wiki iteration 2
[2023-03-01 23:45:55] INFO: URL failed to load, trying 5 more time(s): Could not load https://www.playgame.wiki is the web page down?
[2023-03-01 23:45:56] INFO: URL failed to load, trying 4 more time(s): Could not load https://www.playgame.wiki is the web page down?
[2023-03-01 23:45:57] INFO: URL failed to load, trying 3 more time(s): Could not load https://www.playgame.wiki is the web page down?
[2023-03-01 23:45:58] INFO: URL failed to load, trying 2 more time(s): Could not load https://www.playgame.wiki is the web page down?
[2023-03-01 23:45:59] INFO: URL failed to load, trying 1 more time(s): Could not load https://www.playgame.wiki is the web page down?
[2023-03-01 23:46:00] INFO: URL failed to load, trying 0 more time(s): Could not load https://www.playgame.wiki is the web page down?
[2023-03-01 23:46:00] INFO: https://www.playgame.wiki 
[2023-03-01 23:46:00] INFO: Using Edge is experimental at the moment and use the same configuration as for Chrome
[2023-03-01 23:46:01] INFO: Testing url https://www.playgame.wiki iteration 3
[2023-03-01 23:46:10] INFO: URL failed to load, trying 5 more time(s): Could not load https://www.playgame.wiki is the web page down?
[2023-03-01 23:46:11] INFO: URL failed to load, trying 4 more time(s): Could not load https://www.playgame.wiki is the web page down?
[2023-03-01 23:46:12] INFO: URL failed to load, trying 3 more time(s): Could not load https://www.playgame.wiki is the web page down?
[2023-03-01 23:46:13] INFO: URL failed to load, trying 2 more time(s): Could not load https://www.playgame.wiki is the web page down?
[2023-03-01 23:46:14] INFO: URL failed to load, trying 1 more time(s): Could not load https://www.playgame.wiki is the web page down?
[2023-03-01 23:46:15] INFO: URL failed to load, trying 0 more time(s): Could not load https://www.playgame.wiki is the web page down?
[2023-03-01 23:46:15] INFO: https://www.playgame.wiki 
[2023-03-01 23:46:16] INFO: Running tests using Chrome - 3 iteration(s)
[2023-03-01 23:46:17] INFO: Testing url https://www.cu7k.com iteration 1
[2023-03-01 23:46:29] INFO: https://www.cu7k.com TTFB: 358ms DOMContentLoaded: 762ms firstPaint: 501ms FCP: 501ms LCP: 673ms Load: 767ms CLS:0.0700
[2023-03-01 23:46:30] INFO: Testing url https://www.cu7k.com iteration 2
[2023-03-01 23:46:41] INFO: https://www.cu7k.com TTFB: 321ms DOMContentLoaded: 582ms firstPaint: 474ms FCP: 474ms LCP: 655ms Load: 667ms TBT: 51ms CLS:0.0647
[2023-03-01 23:46:42] INFO: Testing url https://www.cu7k.com iteration 3
[2023-03-01 23:46:54] INFO: https://www.cu7k.com TTFB: 345ms DOMContentLoaded: 656ms firstPaint: 484ms FCP: 484ms LCP: 539ms Load: 657ms TBT: 21ms CLS:0.0700
[2023-03-01 23:46:54] INFO: https://www.cu7k.com 30 requests, TTFB: 345ms (σ15.00ms 4.5%), firstPaint: 484ms (σ11.00ms 2.3%), FCP: 484ms (σ11.00ms 2.3%), DOMContentLoaded: 656ms (σ74.00ms 11.1%), LCP: 655ms (σ59.00ms 9.5%), CLS: 0.07 (σ0.00 3.6%), TBT: 21ms (σ21.00ms 87.2%), Load: 667ms (σ50.00ms 7.1%) (3 runs)
[2023-03-01 23:46:54] INFO: Wrote data to browsertime-results\www.cu7k.com\2023-03-01T234616-0500
[2023-03-01 23:46:55] INFO: Running tests using Firefox - 3 iteration(s)
[2023-03-01 23:46:58] INFO: Testing url https://www.cu7k.com iteration 1
[2023-03-01 23:47:10] INFO: Waiting on har-export-trigger to collect the HAR
[2023-03-01 23:47:13] INFO: https://www.cu7k.com TTFB: 914ms DOMContentLoaded: 1.78s firstPaint: 1.59s FCP: 1.58s Load: 1.80s 
[2023-03-01 23:47:17] INFO: Testing url https://www.cu7k.com iteration 2
[2023-03-01 23:47:28] INFO: Waiting on har-export-trigger to collect the HAR
